<?xml version="1.0" encoding="UTF-8"?>
<testsuite name="google search the word angeles" tests="1" skipped="1" failures="0" errors="0" timestamp="2021-10-18T23:42:08" hostname="LENOVO-PC" time="0.047">
  <properties/>
  <testcase name="Google search the word angeles" classname="google search the word angeles" time="0.047">
    <skipped/>
  </testcase>
  <system-out><![CDATA[]]></system-out>
  <system-err><![CDATA[[Test worker] INFO net.thucydides.core.steps.ConsoleLoggingListener - STARTING STEP Given the user wants open browser an go to google
[Test worker] INFO net.thucydides.core.steps.ConsoleLoggingListener - ?[96mTEST PENDING?[0m
[Test worker] INFO net.thucydides.core.steps.ConsoleLoggingListener - ?[96mPENDING STEP?[0m
[Test worker] INFO net.thucydides.core.steps.ConsoleLoggingListener - STARTING STEP When be search the word angeles
[Test worker] INFO net.thucydides.core.steps.ConsoleLoggingListener - ?[33mIGNORING STEP?[0m
[Test worker] INFO net.thucydides.core.steps.ConsoleLoggingListener - STARTING STEP Then be verifies the title in the first publication
[Test worker] INFO net.thucydides.core.steps.ConsoleLoggingListener - ?[33mIGNORING STEP?[0m
[Test worker] INFO net.thucydides.core.steps.ConsoleLoggingListener - ?[96m
          __  _____ _____ ____ _____   ____  _____ _   _ ____ ___ _   _  ____ 
 _       / / |_   _| ____/ ___|_   _| |  _ \| ____| \ | |  _ \_ _| \ | |/ ___|
(_)____ / /    | | |  _| \___ \ | |   | |_) |  _| |  \| | | | | ||  \| | |  _ 
 |_____/ /     | | | |___ ___) || |   |  __/| |___| |\  | |_| | || |\  | |_| |
(_)   /_/      |_| |_____|____/ |_|   |_|   |_____|_| \_|____/___|_| \_|\____|
                                                                                

TEST PENDING: Google search the word angeles
---------------------------------------------------------------------------------?[0m
]]></system-err>
</testsuite>
